Build started 07.10.2013 20:15:10.
     1>Project "C:\MAN\13-14\Barnes-Hut\calculation\calculation.vcxproj" on node 2 (Build target(s)).
     1>ClCompile:
         C:\Program Files (x86)\Microsoft Visual Studio 11.0\VC\bin\CL.exe /c /ZI /nologo /W4 /WX- /Od /Oy- /D WIN32 /D _DEBUG /D _UNICODE /D UNICODE /Gm /EHsc /RTC1 /MDd /GS /fp:precise /Zc:wchar_t /Zc:forScope /Fo"Debug\\" /Fd"Debug\vc110.pdb" /Gd /TP /analyze- /errorReport:prompt Barnes_Hut.cpp
         Barnes_Hut.cpp
     1>c:\man\13-14\barnes-hut\calculation\rw.hpp(11): warning C4996: 'fopen': This function or variable may be unsafe. Consider using fopen_s instead. To disable deprecation, use _CRT_SECURE_NO_WARNINGS. See online help for details.
                 c:\program files (x86)\microsoft visual studio 11.0\vc\include\stdio.h(218) : see declaration of 'fopen'
     1>c:\man\13-14\barnes-hut\calculation\rw.hpp(17): warning C4996: 'fscanf': This function or variable may be unsafe. Consider using fscanf_s instead. To disable deprecation, use _CRT_SECURE_NO_WARNINGS. See online help for details.
                 c:\program files (x86)\microsoft visual studio 11.0\vc\include\stdio.h(237) : see declaration of 'fscanf'
     1>c:\man\13-14\barnes-hut\calculation\rw.hpp(22): warning C4996: 'fscanf': This function or variable may be unsafe. Consider using fscanf_s instead. To disable deprecation, use _CRT_SECURE_NO_WARNINGS. See online help for details.
                 c:\program files (x86)\microsoft visual studio 11.0\vc\include\stdio.h(237) : see declaration of 'fscanf'
     1>c:\man\13-14\barnes-hut\calculation\rw.hpp(36): warning C4996: 'fscanf': This function or variable may be unsafe. Consider using fscanf_s instead. To disable deprecation, use _CRT_SECURE_NO_WARNINGS. See online help for details.
                 c:\program files (x86)\microsoft visual studio 11.0\vc\include\stdio.h(237) : see declaration of 'fscanf'
     1>c:\man\13-14\barnes-hut\calculation\rw.hpp(45): warning C4996: 'fopen': This function or variable may be unsafe. Consider using fopen_s instead. To disable deprecation, use _CRT_SECURE_NO_WARNINGS. See online help for details.
                 c:\program files (x86)\microsoft visual studio 11.0\vc\include\stdio.h(218) : see declaration of 'fopen'
       Link:
         C:\Program Files (x86)\Microsoft Visual Studio 11.0\VC\bin\link.exe /ERRORREPORT:PROMPT /OUT:"C:\MAN\13-14\Barnes-Hut\calculation\Debug\calculation.exe" /INCREMENTAL /NOLOGO /MANIFEST /MANIFESTUAC:"level='asInvoker' uiAccess='false'" /manifest:embed /DEBUG /PDB:"C:\MAN\13-14\Barnes-Hut\calculation\Debug\calculation.pdb" /TLBID:1 /DYNAMICBASE /NXCOMPAT /IMPLIB:"C:\MAN\13-14\Barnes-Hut\calculation\Debug\calculation.lib" /MACHINE:X86 Debug\Barnes_Hut.obj
         calculation.vcxproj -> C:\MAN\13-14\Barnes-Hut\calculation\Debug\calculation.exe
     1>Done Building Project "C:\MAN\13-14\Barnes-Hut\calculation\calculation.vcxproj" (Build target(s)).

Build succeeded.

Time Elapsed 00:00:02.50
